<?xml version="1.0" encoding="UTF-8"?>
<!-- Generated by org.testng.reporters.JUnitReportReporter -->
<testsuite hostname="MSI" failures="0" tests="4" name="Bhuvanesh.Test.UserTest" time="7.595" errors="0" timestamp="2023-12-27T00:53:07 IST" skipped="0">
  <testcase classname="Bhuvanesh.Test.UserTest" name="testPostUser" time="2.825"/>
  <system-out/>
  <testcase classname="Bhuvanesh.Test.UserTest" name="testgetUser" time="1.197"/>
  <system-out/>
  <testcase classname="Bhuvanesh.Test.UserTest" name="testPutUser" time="2.354"/>
  <system-out/>
  <testcase classname="Bhuvanesh.Test.UserTest" name="testdeleteUser" time="1.219"/>
  <system-out/>
</testsuite> <!-- Bhuvanesh.Test.UserTest -->
