<?xml version="1.0" encoding="UTF-8"?>
<!-- Generated by org.testng.reporters.JUnitReportReporter -->
<testsuite hostname="MSI" failures="0" tests="4" name="Bhuvanesh.Test.UserTest" time="7.676" errors="0" timestamp="2023-12-26T02:31:21 IST" skipped="0">
  <testcase classname="Bhuvanesh.Test.UserTest" name="testPostUser" time="2.788"/>
  <system-out/>
  <testcase classname="Bhuvanesh.Test.UserTest" name="testgetUser" time="1.287"/>
  <system-out/>
  <testcase classname="Bhuvanesh.Test.UserTest" name="testPutUser" time="2.385"/>
  <system-out/>
  <testcase classname="Bhuvanesh.Test.UserTest" name="testdeleteUser" time="1.216"/>
  <system-out/>
</testsuite> <!-- Bhuvanesh.Test.UserTest -->
