<?xml version="1.0" encoding="UTF-8"?>
<!-- Generated by org.testng.reporters.JUnitReportReporter -->
<testsuite hostname="MSI" failures="0" tests="2" name="Bhuvanesh.Test.PetTest" time="9.462" errors="0" timestamp="2023-12-27T16:46:33 IST" skipped="0">
  <testcase classname="Bhuvanesh.Test.PetTest" name="testcreateAPet" time="2.805"/>
  <system-out/>
  <testcase classname="Bhuvanesh.Test.PetTest" name="UploadImagetoPet" time="6.657"/>
  <system-out/>
</testsuite> <!-- Bhuvanesh.Test.PetTest -->
