<?xml version="1.0" encoding="UTF-8"?>
<!-- Generated by org.testng.reporters.JUnitReportReporter -->
<testsuite hostname="MSI" failures="0" tests="8" name="Bhuvanesh.Test.UserDataDriverTest" time="11.519" errors="0" timestamp="2023-12-26T02:02:49 IST" skipped="0">
  <testcase classname="Bhuvanesh.Test.UserDataDriverTest" name="createUsers" time="2.968"/>
  <system-out/>
  <testcase classname="Bhuvanesh.Test.UserDataDriverTest" name="createUsers" time="1.201"/>
  <system-out/>
  <testcase classname="Bhuvanesh.Test.UserDataDriverTest" name="createUsers" time="1.255"/>
  <system-out/>
  <testcase classname="Bhuvanesh.Test.UserDataDriverTest" name="createUsers" time="1.198"/>
  <system-out/>
  <testcase classname="Bhuvanesh.Test.UserDataDriverTest" name="deleteUsers" time="1.244"/>
  <system-out/>
  <testcase classname="Bhuvanesh.Test.UserDataDriverTest" name="deleteUsers" time="1.241"/>
  <system-out/>
  <testcase classname="Bhuvanesh.Test.UserDataDriverTest" name="deleteUsers" time="1.161"/>
  <system-out/>
  <testcase classname="Bhuvanesh.Test.UserDataDriverTest" name="deleteUsers" time="1.251"/>
  <system-out/>
</testsuite> <!-- Bhuvanesh.Test.UserDataDriverTest -->
