<?xml version="1.0" encoding="UTF-8"?>
<!-- Generated by org.testng.reporters.JUnitReportReporter -->
<testsuite hostname="MSI" failures="0" tests="1" name="Bhuvanesh.Test.UserDataDriverTest" time="45.583" errors="0" timestamp="2023-12-27T14:32:48 IST" skipped="0">
  <testcase classname="Bhuvanesh.Test.UserDataDriverTest" name="createUsersWithJsonArray" time="45.583"/>
  <system-out/>
</testsuite> <!-- Bhuvanesh.Test.UserDataDriverTest -->
